<?xml version="1.0" encoding="UTF-8"?>
<testsuite xmlns:xsi="http://www.w3.org/2001/XMLSchema-instance" xsi:noNamespaceSchemaLocation="https://maven.apache.org/surefire/maven-failsafe-plugin/xsd/failsafe-test-report-3.0.xsd" version="3.0" name="chernyshov.ignat.manager.controller.ProductControllerIT" time="9.258" tests="13" errors="0" skipped="0" failures="0">
  <properties>
[...]
</properties>
  <testcase name="updateProduct_RequestIsInvalid_ReturnsProductEditPage" classname="chernyshov.ignat.manager.controller.ProductControllerIT" time="0.852">
    <system-out><![CDATA[11:24:37.991 [main] INFO org.springframework.test.context.support.AnnotationConfigContextLoaderUtils -- Could not detect default configuration classes for test class [chernyshov.ignat.manager.controller.ProductControllerIT]: ProductControllerIT does not declare any static, non-private, non-final, nested classes annotated with @Configuration.
11:24:38.101 [main] INFO org.springframework.boot.test.context.SpringBootTestContextBootstrapper -- Found @SpringBootConfiguration chernyshov.ignat.manager.ManagerApplication for test class chernyshov.ignat.manager.controller.ProductControllerIT
11:24:38.955 [main] INFO org.springframework.boot.devtools.restart.RestartApplicationListener -- Restart disabled due to context in which it is running

  .   ____          _            __ _ _
 /\\ / ___'_ __ _ _(_)_ __  __ _ \ \ \ \
( ( )\___ | '_ | '_| | '_ \/ _` | \ \ \ \
 \\/  ___)| |_)| | | | | || (_| |  ) ) ) )
  '  |____| .__|_| |_|_| |_\__, | / / / /
 =========|_|==============|___/=/_/_/_/

 :: Spring Boot ::                (v3.3.4)

2024-11-03T11:24:39.238+03:00  INFO 19548 --- [           main] c.i.m.controller.ProductControllerIT     : Starting ProductControllerIT using Java 22.0.2 with PID 19548 (started by domvp in E:\Projects\projectsIT\java-project\Real web application using Spring\microservice-project-parent\manager-app)
2024-11-03T11:24:39.240+03:00  INFO 19548 --- [           main] c.i.m.controller.ProductControllerIT     : No active profile set, falling back to 1 default profile: "default"
2024-11-03T11:24:39.764+03:00  INFO 19548 --- [           main] .s.d.r.c.RepositoryConfigurationDelegate : Bootstrapping Spring Data JPA repositories in DEFAULT mode.
2024-11-03T11:24:39.789+03:00  INFO 19548 --- [           main] .s.d.r.c.RepositoryConfigurationDelegate : Finished Spring Data repository scanning in 16 ms. Found 0 JPA repository interfaces.
2024-11-03T11:24:40.253+03:00  INFO 19548 --- [           main] com.zaxxer.hikari.HikariDataSource       : HikariPool-1 - Starting...
2024-11-03T11:24:40.300+03:00  INFO 19548 --- [           main] org.testcontainers.images.PullPolicy     : Image pull policy will be performed by: DefaultPullPolicy()
2024-11-03T11:24:40.303+03:00  INFO 19548 --- [           main] o.t.utility.ImageNameSubstitutor         : Image name substitution will be performed by: DefaultImageNameSubstitutor (composite of 'ConfigurationFileImageNameSubstitutor' and 'PrefixingImageNameSubstitutor')
2024-11-03T11:24:40.480+03:00  INFO 19548 --- [           main] o.t.d.DockerClientProviderStrategy       : Loaded org.testcontainers.dockerclient.NpipeSocketClientProviderStrategy from ~/.testcontainers.properties, will try it first
2024-11-03T11:24:40.731+03:00  INFO 19548 --- [           main] o.t.d.DockerClientProviderStrategy       : Found Docker environment with local Npipe socket (npipe:////./pipe/docker_engine)
2024-11-03T11:24:40.732+03:00  INFO 19548 --- [           main] org.testcontainers.DockerClientFactory   : Docker host IP address is localhost
2024-11-03T11:24:40.747+03:00  INFO 19548 --- [           main] org.testcontainers.DockerClientFactory   : Connected to docker: 
  Server Version: 27.0.3
  API Version: 1.46
  Operating System: Docker Desktop
  Total Memory: 7797 MB
2024-11-03T11:24:40.766+03:00  INFO 19548 --- [           main] tc.testcontainers/ryuk:0.7.0             : Creating container for image: testcontainers/ryuk:0.7.0
2024-11-03T11:24:41.078+03:00  INFO 19548 --- [           main] o.t.utility.RegistryAuthLocator          : Credential helper/store (docker-credential-desktop) does not have credentials for https://index.docker.io/v1/
2024-11-03T11:24:41.174+03:00  INFO 19548 --- [           main] tc.testcontainers/ryuk:0.7.0             : Container testcontainers/ryuk:0.7.0 is starting: 159eaa012bd44858beb9fd29fe4d6699f353783a701ee54d3b4682d14befc10c
2024-11-03T11:24:41.630+03:00  INFO 19548 --- [           main] tc.testcontainers/ryuk:0.7.0             : Container testcontainers/ryuk:0.7.0 started in PT0.863351S
2024-11-03T11:24:41.638+03:00  INFO 19548 --- [           main] o.t.utility.RyukResourceReaper           : Ryuk started - will monitor and terminate Testcontainers containers on JVM exit
2024-11-03T11:24:41.638+03:00  INFO 19548 --- [           main] org.testcontainers.DockerClientFactory   : Checking the system...
2024-11-03T11:24:41.639+03:00  INFO 19548 --- [           main] org.testcontainers.DockerClientFactory   : ✔︎ Docker server version should be at least 1.6.0
2024-11-03T11:24:41.640+03:00  INFO 19548 --- [           main] tc.postgres:16                           : Creating container for image: postgres:16
2024-11-03T11:24:41.680+03:00  INFO 19548 --- [           main] tc.postgres:16                           : Container postgres:16 is starting: cdeedead6764b2e74a8eea09e8acb5b2920fb477200309d07261017255750a31
2024-11-03T11:24:43.418+03:00  INFO 19548 --- [           main] tc.postgres:16                           : Container postgres:16 started in PT1.7781088S
2024-11-03T11:24:43.419+03:00  INFO 19548 --- [           main] tc.postgres:16                           : Container is started (JDBC URL: jdbc:postgresql://localhost:54225/test?loggerLevel=OFF)
2024-11-03T11:24:43.569+03:00  INFO 19548 --- [           main] com.zaxxer.hikari.pool.HikariPool        : HikariPool-1 - Added connection org.testcontainers.jdbc.ConnectionWrapper@71458178
2024-11-03T11:24:43.571+03:00  INFO 19548 --- [           main] com.zaxxer.hikari.HikariDataSource       : HikariPool-1 - Start completed.
2024-11-03T11:24:43.617+03:00  INFO 19548 --- [           main] o.hibernate.jpa.internal.util.LogHelper  : HHH000204: Processing PersistenceUnitInfo [name: default]
2024-11-03T11:24:43.671+03:00  INFO 19548 --- [           main] org.hibernate.Version                    : HHH000412: Hibernate ORM core version 6.5.3.Final
2024-11-03T11:24:43.705+03:00  INFO 19548 --- [           main] o.h.c.internal.RegionFactoryInitiator    : HHH000026: Second-level cache disabled
2024-11-03T11:24:43.978+03:00  INFO 19548 --- [           main] o.s.o.j.p.SpringPersistenceUnitInfo      : No LoadTimeWeaver setup: ignoring JPA class transformer
2024-11-03T11:24:44.270+03:00  INFO 19548 --- [           main] o.h.e.t.j.p.i.JtaPlatformInitiator       : HHH000489: No JTA platform available (set 'hibernate.transaction.jta.platform' to enable JTA platform integration)
2024-11-03T11:24:44.274+03:00  INFO 19548 --- [           main] j.LocalContainerEntityManagerFactoryBean : Initialized JPA EntityManagerFactory for persistence unit 'default'
2024-11-03T11:24:45.122+03:00  WARN 19548 --- [           main] JpaBaseConfiguration$JpaWebConfiguration : spring.jpa.open-in-view is enabled by default. Therefore, database queries may be performed during view rendering. Explicitly configure spring.jpa.open-in-view to disable this warning
2024-11-03T11:24:45.519+03:00  INFO 19548 --- [           main] o.s.b.a.w.s.WelcomePageHandlerMapping    : Adding welcome page: class path resource [static/index.html]
2024-11-03T11:24:45.987+03:00  INFO 19548 --- [           main] o.s.b.t.m.w.SpringBootMockServletContext : Initializing Spring TestDispatcherServlet ''
2024-11-03T11:24:45.987+03:00  INFO 19548 --- [           main] o.s.t.web.servlet.TestDispatcherServlet  : Initializing Servlet ''
2024-11-03T11:24:45.988+03:00  INFO 19548 --- [           main] o.s.t.web.servlet.TestDispatcherServlet  : Completed initialization in 1 ms
2024-11-03T11:24:46.009+03:00  INFO 19548 --- [           main] c.i.m.controller.ProductControllerIT     : Started ProductControllerIT in 7.066 seconds (process running for 9.021)

MockHttpServletRequest:
      HTTP Method = POST
      Request URI = /catalogue/products/1/edit
       Parameters = {title=[   ], _csrf=[JCSeXnl-O2hEJp1pVEJkBy34lKw06HM9iQeNrnmSqWsS5jquEkWsa01LAlxpH_lcYm9QMRqauZQH0EEQ7TW6yk6qn1hx3wmW]}
          Headers = []
             Body = null
    Session Attrs = {SPRING_SECURITY_CONTEXT=SecurityContextImpl [Authentication=UsernamePasswordAuthenticationToken [Principal=org.springframework.security.core.userdetails.User [Username=j.dewar, Password=[PROTECTED], Enabled=true, AccountNonExpired=true, CredentialsNonExpired=true, AccountNonLocked=true, Granted Authorities=[ROLE_MANAGER]], Credentials=[PROTECTED], Authenticated=true, Details=null, Granted Authorities=[ROLE_MANAGER]]]}

Handler:
             Type = chernyshov.ignat.manager.controller.ProductController
           Method = chernyshov.ignat.manager.controller.ProductController#updateProduct(Product, UpdateProductPayload, Model, HttpServletResponse)

Async:
    Async started = false
     Async result = null

Resolved Exception:
             Type = null

ModelAndView:
        View name = catalogue/products/edit
             View = null
        Attribute = product
            value = Product[id=1, title=Товар, details=Описание товара]
           errors = []
        Attribute = updateProductPayload
            value = UpdateProductPayload[title=   , details=null]
           errors = []
        Attribute = payload
            value = UpdateProductPayload[title=   , details=null]
           errors = []
        Attribute = errors
            value = [Ошибка 1, Ошибка 2]

FlashMap:
       Attributes = null

MockHttpServletResponse:
           Status = 400
    Error message = null
          Headers = [Content-Language:"en", Content-Type:"text/html;charset=UTF-8", X-Content-Type-Options:"nosniff", X-XSS-Protection:"0", Cache-Control:"no-cache, no-store, max-age=0, must-revalidate", Pragma:"no-cache", Expires:"0", X-Frame-Options:"DENY"]
     Content type = text/html;charset=UTF-8
             Body = <!DOCTYPE html>
<html lang="en">
<head>
    <meta charset="UTF-8">
    <title>Редактирование товара &laquo;Товар&raquo; &ndash; Сельмаг</title>
</head>
<body>
<a href="/catalogue/products/1">&larr; К товару</a>
<h1>Редактирование товара &laquo;Товар</h1>
<div>
    <h2>Допущены ошибки</h2>
    <ul>
        <li>Ошибка 1</li>
        <li>Ошибка 2</li>
    </ul>
</div>
<form method="post" action="/catalogue/products/1/edit"><input type="hidden" name="_csrf" value="TEK0dkxvk-wz4reL9j9Ll1Z25O5q5fwjppqaJL5_LKxdIcFueiOGQ3haqtge29O-wBJ_oWEUydZZ3c4OwqitQIlHGp8-GPJW"/>
    <label>
        Название:<br>
        <input type="text" name="title" value="   ">
    </label><br>
    <label>
        Описание:<br>
        <textarea name="details"></textarea>
    </label><br>
    <button type="submit">Изменить</button>
</form>
</body>
</html>
    Forwarded URL = null
   Redirected URL = null
          Cookies = []
]]></system-out>
    <system-err><![CDATA[WARNING: A Java agent has been loaded dynamically (C:\Users\domvp\.m2\repository\net\bytebuddy\byte-buddy-agent\1.14.19\byte-buddy-agent-1.14.19.jar)
WARNING: If a serviceability tool is in use, please run with -XX:+EnableDynamicAgentLoading to hide this warning
WARNING: If a serviceability tool is not in use, please run with -Djdk.instrument.traceUsage for more information
WARNING: Dynamic loading of agents will be disallowed by default in a future release
]]></system-err>
  </testcase>
  <testcase name="updateProduct_ProductDoesNotExist_ReturnsError404Page" classname="chernyshov.ignat.manager.controller.ProductControllerIT" time="0.027">
    <system-out><![CDATA[
MockHttpServletRequest:
      HTTP Method = POST
      Request URI = /catalogue/products/1/edit
       Parameters = {title=[Новое название], details=[Новое описание товара], _csrf=[ZWsg3BZdD4wPBuau2ipHlWJb3qwaHV59S1YhouQXxasEMU2VUQoTuiE-abQiNN-Y6Adz9gY985QoLWhQfWcSm9Ek8p1gCS-i]}
          Headers = []
             Body = null
    Session Attrs = {SPRING_SECURITY_CONTEXT=SecurityContextImpl [Authentication=UsernamePasswordAuthenticationToken [Principal=org.springframework.security.core.userdetails.User [Username=j.dewar, Password=[PROTECTED], Enabled=true, AccountNonExpired=true, CredentialsNonExpired=true, AccountNonLocked=true, Granted Authorities=[ROLE_MANAGER]], Credentials=[PROTECTED], Authenticated=true, Details=null, Granted Authorities=[ROLE_MANAGER]]]}

Handler:
             Type = chernyshov.ignat.manager.controller.ProductController
           Method = chernyshov.ignat.manager.controller.ProductController#updateProduct(Product, UpdateProductPayload, Model, HttpServletResponse)

Async:
    Async started = false
     Async result = null

Resolved Exception:
             Type = java.util.NoSuchElementException

ModelAndView:
        View name = errors/404
             View = null
        Attribute = error
            value = Товар не найден

FlashMap:
       Attributes = null

MockHttpServletResponse:
           Status = 404
    Error message = null
          Headers = [Content-Language:"en", Content-Type:"text/html;charset=UTF-8", X-Content-Type-Options:"nosniff", X-XSS-Protection:"0", Cache-Control:"no-cache, no-store, max-age=0, must-revalidate", Pragma:"no-cache", Expires:"0", X-Frame-Options:"DENY"]
     Content type = text/html;charset=UTF-8
             Body = <!DOCTYPE html>
<html>
<head>
	<meta charset="UTF-8">
	<title>Ничего не нашлось сельмаге</title>
</head>
<body>
<h1>Ошибка 404: Ничего не нашлось</h1>
<h2>Товар не найден</h2>
</body>
</html>
    Forwarded URL = null
   Redirected URL = null
          Cookies = []
]]></system-out>
  </testcase>
  <testcase name="getProduct_ProductDoesNotExist_ReturnsError404Page" classname="chernyshov.ignat.manager.controller.ProductControllerIT" time="0.011">
    <system-out><![CDATA[
MockHttpServletRequest:
      HTTP Method = GET
      Request URI = /catalogue/products/1
       Parameters = {}
          Headers = []
             Body = null
    Session Attrs = {SPRING_SECURITY_CONTEXT=SecurityContextImpl [Authentication=UsernamePasswordAuthenticationToken [Principal=org.springframework.security.core.userdetails.User [Username=j.dewar, Password=[PROTECTED], Enabled=true, AccountNonExpired=true, CredentialsNonExpired=true, AccountNonLocked=true, Granted Authorities=[ROLE_MANAGER]], Credentials=[PROTECTED], Authenticated=true, Details=null, Granted Authorities=[ROLE_MANAGER]]]}

Handler:
             Type = chernyshov.ignat.manager.controller.ProductController
           Method = chernyshov.ignat.manager.controller.ProductController#getProduct()

Async:
    Async started = false
     Async result = null

Resolved Exception:
             Type = java.util.NoSuchElementException

ModelAndView:
        View name = errors/404
             View = null
        Attribute = error
            value = Товар не найден

FlashMap:
       Attributes = null

MockHttpServletResponse:
           Status = 404
    Error message = null
          Headers = [Content-Language:"en", Content-Type:"text/html;charset=UTF-8", X-Content-Type-Options:"nosniff", X-XSS-Protection:"0", Cache-Control:"no-cache, no-store, max-age=0, must-revalidate", Pragma:"no-cache", Expires:"0", X-Frame-Options:"DENY"]
     Content type = text/html;charset=UTF-8
             Body = <!DOCTYPE html>
<html>
<head>
	<meta charset="UTF-8">
	<title>Ничего не нашлось сельмаге</title>
</head>
<body>
<h1>Ошибка 404: Ничего не нашлось</h1>
<h2>Товар не найден</h2>
</body>
</html>
    Forwarded URL = null
   Redirected URL = null
          Cookies = []
]]></system-out>
  </testcase>
  <testcase name="getProductEditPage_ProductExists_ReturnsProductEditPage" classname="chernyshov.ignat.manager.controller.ProductControllerIT" time="0.015">
    <system-out><![CDATA[
MockHttpServletRequest:
      HTTP Method = GET
      Request URI = /catalogue/products/1/edit
       Parameters = {}
          Headers = []
             Body = null
    Session Attrs = {org.springframework.security.web.csrf.HttpSessionCsrfTokenRepository.CSRF_TOKEN=org.springframework.security.web.csrf.DefaultCsrfToken@30182a74, SPRING_SECURITY_CONTEXT=SecurityContextImpl [Authentication=UsernamePasswordAuthenticationToken [Principal=org.springframework.security.core.userdetails.User [Username=j.dewar, Password=[PROTECTED], Enabled=true, AccountNonExpired=true, CredentialsNonExpired=true, AccountNonLocked=true, Granted Authorities=[ROLE_MANAGER]], Credentials=[PROTECTED], Authenticated=true, Details=null, Granted Authorities=[ROLE_MANAGER]]]}

Handler:
             Type = chernyshov.ignat.manager.controller.ProductController
           Method = chernyshov.ignat.manager.controller.ProductController#getProductEditPage()

Async:
    Async started = false
     Async result = null

Resolved Exception:
             Type = null

ModelAndView:
        View name = catalogue/products/edit
             View = null
        Attribute = product
            value = Product[id=1, title=Товар, details=Описание товара]
           errors = []

FlashMap:
       Attributes = null

MockHttpServletResponse:
           Status = 200
    Error message = null
          Headers = [Content-Language:"en", Content-Type:"text/html;charset=UTF-8", X-Content-Type-Options:"nosniff", X-XSS-Protection:"0", Cache-Control:"no-cache, no-store, max-age=0, must-revalidate", Pragma:"no-cache", Expires:"0", X-Frame-Options:"DENY"]
     Content type = text/html;charset=UTF-8
             Body = <!DOCTYPE html>
<html lang="en">
<head>
    <meta charset="UTF-8">
    <title>Редактирование товара &laquo;Товар&raquo; &ndash; Сельмаг</title>
</head>
<body>
<a href="/catalogue/products/1">&larr; К товару</a>
<h1>Редактирование товара &laquo;Товар</h1>

<form method="post" action="/catalogue/products/1/edit"><input type="hidden" name="_csrf" value="etxQaLell9Zt7iLU412xBgY4i3HPGh8EHS9lIHwB4z4hvJdlTe0yXIOT8rJA2Ebl0nCFYjcOpkn9Iy8pJB5QQUg5gVwShfIG"/>
    <label>
        Название:<br>
        <input type="text" name="title" value="Товар">
    </label><br>
    <label>
        Описание:<br>
        <textarea name="details">Описание товара</textarea>
    </label><br>
    <button type="submit">Изменить</button>
</form>
</body>
</html>
    Forwarded URL = null
   Redirected URL = null
          Cookies = []
]]></system-out>
  </testcase>
  <testcase name="deleteProduct_UserIsNotAuthorized_ReturnsForbidden" classname="chernyshov.ignat.manager.controller.ProductControllerIT" time="0.008">
    <system-out><![CDATA[
MockHttpServletRequest:
      HTTP Method = POST
      Request URI = /catalogue/products/1/delete
       Parameters = {_csrf=[sp0S1xNs3_UhvxYMGb8CxTYyOYJXbw07uJdFYqh-muOY16GGiqsn5yYK78IMjSZqLZI2pgMGFLtlDDsWgfQkVJtM-Neu78Xk]}
          Headers = []
             Body = null
    Session Attrs = {SPRING_SECURITY_CONTEXT=SecurityContextImpl [Authentication=UsernamePasswordAuthenticationToken [Principal=org.springframework.security.core.userdetails.User [Username=j.daniels, Password=[PROTECTED], Enabled=true, AccountNonExpired=true, CredentialsNonExpired=true, AccountNonLocked=true, Granted Authorities=[ROLE_USER]], Credentials=[PROTECTED], Authenticated=true, Details=null, Granted Authorities=[ROLE_USER]]]}

Handler:
             Type = null

Async:
    Async started = false
     Async result = null

Resolved Exception:
             Type = null

ModelAndView:
        View name = null
             View = null
            Model = null

FlashMap:
       Attributes = null

MockHttpServletResponse:
           Status = 403
    Error message = Forbidden
          Headers = [X-Content-Type-Options:"nosniff", X-XSS-Protection:"0", Cache-Control:"no-cache, no-store, max-age=0, must-revalidate", Pragma:"no-cache", Expires:"0", X-Frame-Options:"DENY"]
     Content type = null
             Body = 
    Forwarded URL = null
   Redirected URL = null
          Cookies = []
]]></system-out>
  </testcase>
  <testcase name="updateProduct_RequestIsValid_RedirectsToProductPage" classname="chernyshov.ignat.manager.controller.ProductControllerIT" time="0.027">
    <system-out><![CDATA[
MockHttpServletRequest:
      HTTP Method = POST
      Request URI = /catalogue/products/1/edit
       Parameters = {title=[Новое название], details=[Новое описание товара], _csrf=[2IK57u4cywYKtYPNrnJ6J9Y_3yqiqeW0CZYXElXPto0FvWBk6LLf19wq-DMnh7Oryl9OELMP8hOXyoGZO64hJDeq1etmjlNV]}
          Headers = []
             Body = null
    Session Attrs = {SPRING_SECURITY_CONTEXT=SecurityContextImpl [Authentication=UsernamePasswordAuthenticationToken [Principal=org.springframework.security.core.userdetails.User [Username=j.dewar, Password=[PROTECTED], Enabled=true, AccountNonExpired=true, CredentialsNonExpired=true, AccountNonLocked=true, Granted Authorities=[ROLE_MANAGER]], Credentials=[PROTECTED], Authenticated=true, Details=null, Granted Authorities=[ROLE_MANAGER]]]}

Handler:
             Type = chernyshov.ignat.manager.controller.ProductController
           Method = chernyshov.ignat.manager.controller.ProductController#updateProduct(Product, UpdateProductPayload, Model, HttpServletResponse)

Async:
    Async started = false
     Async result = null

Resolved Exception:
             Type = null

ModelAndView:
        View name = redirect:/catalogue/products/1
             View = null
            Model = null

FlashMap:
       Attributes = null

MockHttpServletResponse:
           Status = 302
    Error message = null
          Headers = [Content-Language:"en", X-Content-Type-Options:"nosniff", X-XSS-Protection:"0", Cache-Control:"no-cache, no-store, max-age=0, must-revalidate", Pragma:"no-cache", Expires:"0", X-Frame-Options:"DENY", Location:"/catalogue/products/1"]
     Content type = null
             Body = 
    Forwarded URL = null
   Redirected URL = /catalogue/products/1
          Cookies = []
]]></system-out>
  </testcase>
  <testcase name="updateProduct_UserIsNotAuthorized_ReturnsForbidden" classname="chernyshov.ignat.manager.controller.ProductControllerIT" time="0.004">
    <system-out><![CDATA[
MockHttpServletRequest:
      HTTP Method = POST
      Request URI = /catalogue/products/1/edit
       Parameters = {title=[Новое название], details=[Новое описание товара], _csrf=[If-NKjHFATi4FNqQz7NwWkGRBCgSV6HVpZFosdRf6a_wlr5aEMq5HVWjMg2VduqkrZ5EbifyKUkkM8L4k_ILguxp2svApN1v]}
          Headers = []
             Body = null
    Session Attrs = {SPRING_SECURITY_CONTEXT=SecurityContextImpl [Authentication=UsernamePasswordAuthenticationToken [Principal=org.springframework.security.core.userdetails.User [Username=j.daniels, Password=[PROTECTED], Enabled=true, AccountNonExpired=true, CredentialsNonExpired=true, AccountNonLocked=true, Granted Authorities=[ROLE_USER]], Credentials=[PROTECTED], Authenticated=true, Details=null, Granted Authorities=[ROLE_USER]]]}

Handler:
             Type = null

Async:
    Async started = false
     Async result = null

Resolved Exception:
             Type = null

ModelAndView:
        View name = null
             View = null
            Model = null

FlashMap:
       Attributes = null

MockHttpServletResponse:
           Status = 403
    Error message = Forbidden
          Headers = [X-Content-Type-Options:"nosniff", X-XSS-Protection:"0", Cache-Control:"no-cache, no-store, max-age=0, must-revalidate", Pragma:"no-cache", Expires:"0", X-Frame-Options:"DENY"]
     Content type = null
             Body = 
    Forwarded URL = null
   Redirected URL = null
          Cookies = []
]]></system-out>
  </testcase>
  <testcase name="deleteProduct_ProductDoesNotExist_ReturnsError404Page" classname="chernyshov.ignat.manager.controller.ProductControllerIT" time="0.009">
    <system-out><![CDATA[
MockHttpServletRequest:
      HTTP Method = POST
      Request URI = /catalogue/products/1/delete
       Parameters = {_csrf=[7vi4ztdFTbIZVAR0OiKTN8y--uCmvBWL9ZPr6Uyd_h2kkAwr3ZyA_Odze4Q0ZDdBDw-nU_7a19mfiSymx6WOi3Som3mXoDRP]}
          Headers = []
             Body = null
    Session Attrs = {SPRING_SECURITY_CONTEXT=SecurityContextImpl [Authentication=UsernamePasswordAuthenticationToken [Principal=org.springframework.security.core.userdetails.User [Username=j.dewar, Password=[PROTECTED], Enabled=true, AccountNonExpired=true, CredentialsNonExpired=true, AccountNonLocked=true, Granted Authorities=[ROLE_MANAGER]], Credentials=[PROTECTED], Authenticated=true, Details=null, Granted Authorities=[ROLE_MANAGER]]]}

Handler:
             Type = chernyshov.ignat.manager.controller.ProductController
           Method = chernyshov.ignat.manager.controller.ProductController#deleteProduct(Product)

Async:
    Async started = false
     Async result = null

Resolved Exception:
             Type = java.util.NoSuchElementException

ModelAndView:
        View name = errors/404
             View = null
        Attribute = error
            value = Товар не найден

FlashMap:
       Attributes = null

MockHttpServletResponse:
           Status = 404
    Error message = null
          Headers = [Content-Language:"en", Content-Type:"text/html;charset=UTF-8", X-Content-Type-Options:"nosniff", X-XSS-Protection:"0", Cache-Control:"no-cache, no-store, max-age=0, must-revalidate", Pragma:"no-cache", Expires:"0", X-Frame-Options:"DENY"]
     Content type = text/html;charset=UTF-8
             Body = <!DOCTYPE html>
<html>
<head>
	<meta charset="UTF-8">
	<title>Ничего не нашлось сельмаге</title>
</head>
<body>
<h1>Ошибка 404: Ничего не нашлось</h1>
<h2>Товар не найден</h2>
</body>
</html>
    Forwarded URL = null
   Redirected URL = null
          Cookies = []
]]></system-out>
  </testcase>
  <testcase name="getProductEditPage_UserIsNotAuthorized_ReturnsForbidden" classname="chernyshov.ignat.manager.controller.ProductControllerIT" time="0.006">
    <system-out><![CDATA[
MockHttpServletRequest:
      HTTP Method = GET
      Request URI = /catalogue/products/1/edit
       Parameters = {}
          Headers = []
             Body = null
    Session Attrs = {SPRING_SECURITY_CONTEXT=SecurityContextImpl [Authentication=UsernamePasswordAuthenticationToken [Principal=org.springframework.security.core.userdetails.User [Username=j.daniels, Password=[PROTECTED], Enabled=true, AccountNonExpired=true, CredentialsNonExpired=true, AccountNonLocked=true, Granted Authorities=[ROLE_USER]], Credentials=[PROTECTED], Authenticated=true, Details=null, Granted Authorities=[ROLE_USER]]]}

Handler:
             Type = null

Async:
    Async started = false
     Async result = null

Resolved Exception:
             Type = null

ModelAndView:
        View name = null
             View = null
            Model = null

FlashMap:
       Attributes = null

MockHttpServletResponse:
           Status = 403
    Error message = Forbidden
          Headers = [X-Content-Type-Options:"nosniff", X-XSS-Protection:"0", Cache-Control:"no-cache, no-store, max-age=0, must-revalidate", Pragma:"no-cache", Expires:"0", X-Frame-Options:"DENY"]
     Content type = null
             Body = 
    Forwarded URL = null
   Redirected URL = null
          Cookies = []
]]></system-out>
  </testcase>
  <testcase name="getProduct_UserIsNotAuthorized_ReturnsForbidden" classname="chernyshov.ignat.manager.controller.ProductControllerIT" time="0.005">
    <system-out><![CDATA[
MockHttpServletRequest:
      HTTP Method = GET
      Request URI = /catalogue/products/1
       Parameters = {}
          Headers = []
             Body = null
    Session Attrs = {SPRING_SECURITY_CONTEXT=SecurityContextImpl [Authentication=UsernamePasswordAuthenticationToken [Principal=org.springframework.security.core.userdetails.User [Username=j.daniels, Password=[PROTECTED], Enabled=true, AccountNonExpired=true, CredentialsNonExpired=true, AccountNonLocked=true, Granted Authorities=[ROLE_USER]], Credentials=[PROTECTED], Authenticated=true, Details=null, Granted Authorities=[ROLE_USER]]]}

Handler:
             Type = null

Async:
    Async started = false
     Async result = null

Resolved Exception:
             Type = null

ModelAndView:
        View name = null
             View = null
            Model = null

FlashMap:
       Attributes = null

MockHttpServletResponse:
           Status = 403
    Error message = Forbidden
          Headers = [X-Content-Type-Options:"nosniff", X-XSS-Protection:"0", Cache-Control:"no-cache, no-store, max-age=0, must-revalidate", Pragma:"no-cache", Expires:"0", X-Frame-Options:"DENY"]
     Content type = null
             Body = 
    Forwarded URL = null
   Redirected URL = null
          Cookies = []
]]></system-out>
  </testcase>
  <testcase name="getProductEditPage_ProductDoesNotExist_ReturnsError404Page" classname="chernyshov.ignat.manager.controller.ProductControllerIT" time="0.01">
    <system-out><![CDATA[
MockHttpServletRequest:
      HTTP Method = GET
      Request URI = /catalogue/products/1/edit
       Parameters = {}
          Headers = []
             Body = null
    Session Attrs = {SPRING_SECURITY_CONTEXT=SecurityContextImpl [Authentication=UsernamePasswordAuthenticationToken [Principal=org.springframework.security.core.userdetails.User [Username=j.dewar, Password=[PROTECTED], Enabled=true, AccountNonExpired=true, CredentialsNonExpired=true, AccountNonLocked=true, Granted Authorities=[ROLE_MANAGER]], Credentials=[PROTECTED], Authenticated=true, Details=null, Granted Authorities=[ROLE_MANAGER]]]}

Handler:
             Type = chernyshov.ignat.manager.controller.ProductController
           Method = chernyshov.ignat.manager.controller.ProductController#getProductEditPage()

Async:
    Async started = false
     Async result = null

Resolved Exception:
             Type = java.util.NoSuchElementException

ModelAndView:
        View name = errors/404
             View = null
        Attribute = error
            value = Товар не найден

FlashMap:
       Attributes = null

MockHttpServletResponse:
           Status = 404
    Error message = null
          Headers = [Content-Language:"en", Content-Type:"text/html;charset=UTF-8", X-Content-Type-Options:"nosniff", X-XSS-Protection:"0", Cache-Control:"no-cache, no-store, max-age=0, must-revalidate", Pragma:"no-cache", Expires:"0", X-Frame-Options:"DENY"]
     Content type = text/html;charset=UTF-8
             Body = <!DOCTYPE html>
<html>
<head>
	<meta charset="UTF-8">
	<title>Ничего не нашлось сельмаге</title>
</head>
<body>
<h1>Ошибка 404: Ничего не нашлось</h1>
<h2>Товар не найден</h2>
</body>
</html>
    Forwarded URL = null
   Redirected URL = null
          Cookies = []
]]></system-out>
  </testcase>
  <testcase name="deleteProduct_ProductExists_RedirectsToProductsListPage" classname="chernyshov.ignat.manager.controller.ProductControllerIT" time="0.013">
    <system-out><![CDATA[
MockHttpServletRequest:
      HTTP Method = POST
      Request URI = /catalogue/products/1/delete
       Parameters = {_csrf=[pIMeYDp8b-MrGHK6x1EQy_YZSbqvJhiv1eNYq0pLiznH5KDKkbt_VlwZW4UGIRfc_nwkrpB8ZNiZEH2Ct4Fhk3146Qjw3cb5]}
          Headers = []
             Body = null
    Session Attrs = {SPRING_SECURITY_CONTEXT=SecurityContextImpl [Authentication=UsernamePasswordAuthenticationToken [Principal=org.springframework.security.core.userdetails.User [Username=j.dewar, Password=[PROTECTED], Enabled=true, AccountNonExpired=true, CredentialsNonExpired=true, AccountNonLocked=true, Granted Authorities=[ROLE_MANAGER]], Credentials=[PROTECTED], Authenticated=true, Details=null, Granted Authorities=[ROLE_MANAGER]]]}

Handler:
             Type = chernyshov.ignat.manager.controller.ProductController
           Method = chernyshov.ignat.manager.controller.ProductController#deleteProduct(Product)

Async:
    Async started = false
     Async result = null

Resolved Exception:
             Type = null

ModelAndView:
        View name = redirect:/catalogue/products/list
             View = null
            Model = null

FlashMap:
       Attributes = null

MockHttpServletResponse:
           Status = 302
    Error message = null
          Headers = [Content-Language:"en", X-Content-Type-Options:"nosniff", X-XSS-Protection:"0", Cache-Control:"no-cache, no-store, max-age=0, must-revalidate", Pragma:"no-cache", Expires:"0", X-Frame-Options:"DENY", Location:"/catalogue/products/list"]
     Content type = null
             Body = 
    Forwarded URL = null
   Redirected URL = /catalogue/products/list
          Cookies = []
]]></system-out>
  </testcase>
  <testcase name="getProduct_ProductExists_ReturnsProductPage" classname="chernyshov.ignat.manager.controller.ProductControllerIT" time="0.014">
    <system-out><![CDATA[
MockHttpServletRequest:
      HTTP Method = GET
      Request URI = /catalogue/products/1
       Parameters = {}
          Headers = []
             Body = null
    Session Attrs = {org.springframework.security.web.csrf.HttpSessionCsrfTokenRepository.CSRF_TOKEN=org.springframework.security.web.csrf.DefaultCsrfToken@5e1db27e, SPRING_SECURITY_CONTEXT=SecurityContextImpl [Authentication=UsernamePasswordAuthenticationToken [Principal=org.springframework.security.core.userdetails.User [Username=j.dewar, Password=[PROTECTED], Enabled=true, AccountNonExpired=true, CredentialsNonExpired=true, AccountNonLocked=true, Granted Authorities=[ROLE_MANAGER]], Credentials=[PROTECTED], Authenticated=true, Details=null, Granted Authorities=[ROLE_MANAGER]]]}

Handler:
             Type = chernyshov.ignat.manager.controller.ProductController
           Method = chernyshov.ignat.manager.controller.ProductController#getProduct()

Async:
    Async started = false
     Async result = null

Resolved Exception:
             Type = null

ModelAndView:
        View name = catalogue/products/product
             View = null
        Attribute = product
            value = Product[id=1, title=Товар, details=Описание товара]
           errors = []

FlashMap:
       Attributes = null

MockHttpServletResponse:
           Status = 200
    Error message = null
          Headers = [Content-Language:"en", Content-Type:"text/html;charset=UTF-8", X-Content-Type-Options:"nosniff", X-XSS-Protection:"0", Cache-Control:"no-cache, no-store, max-age=0, must-revalidate", Pragma:"no-cache", Expires:"0", X-Frame-Options:"DENY"]
     Content type = text/html;charset=UTF-8
             Body = <!DOCTYPE html>
<html>
<head>
	<meta charset="UTF-8">
	<title>Товар &ndash; Сельмаг</title>
</head>
<body>
<a href="/catalogue/products/list">&larr; К списку товаров</a>
<h1>Товар</h1>
<ul>
	<li><strong>ID</strong>: <span>1</span></li>
	<li><strong>Название</strong>: <span>Товар</span></li>
	<li><strong>Описание</strong>: <span>Описание товара</span></li>
</ul>
<a href="/catalogue/products/1/edit">Изменить</a>
<form method="post" action="/catalogue/products/1/delete"><input type="hidden" name="_csrf" value="gLe8QgmYQR3MAcU8I6EMpe6mY7sGnCwugjxDAzL8Vr0AJxdXsdKIJDmhcyzhNPIPFYw4k4iVToNnqBUD5Ap1NwTPZ9hjH3Jv"/>
	<button type="submit">Удалить</button>
</form>
</body>
</html>
    Forwarded URL = null
   Redirected URL = null
          Cookies = []
]]></system-out>
  </testcase>
</testsuite>