<?xml version="1.0" encoding="UTF-8"?>
<testsuite xmlns:xsi="http://www.w3.org/2001/XMLSchema-instance" xsi:noNamespaceSchemaLocation="https://maven.apache.org/surefire/maven-failsafe-plugin/xsd/failsafe-test-report-3.0.xsd" version="3.0" name="chernyshov.ignat.manager.controller.ProductsControllerIT" time="0.128" tests="7" errors="0" skipped="0" failures="0">
  <properties>
[...]
</properties>
  <testcase name="getProductList_ReturnsProductsListPage" classname="chernyshov.ignat.manager.controller.ProductsControllerIT" time="0.026">
    <system-out><![CDATA[2024-11-09T20:03:04.037+03:00  INFO 12244 --- [           main] t.c.s.AnnotationConfigContextLoaderUtils : Could not detect default configuration classes for test class [chernyshov.ignat.manager.controller.ProductsControllerIT]: ProductsControllerIT does not declare any static, non-private, non-final, nested classes annotated with @Configuration.
2024-11-09T20:03:04.041+03:00  INFO 12244 --- [           main] .b.t.c.SpringBootTestContextBootstrapper : Found @SpringBootConfiguration chernyshov.ignat.manager.ManagerApplication for test class chernyshov.ignat.manager.controller.ProductsControllerIT

MockHttpServletRequest:
      HTTP Method = GET
      Request URI = /catalogue/products/list
       Parameters = {filter=[товар]}
          Headers = []
             Body = null
    Session Attrs = {SPRING_SECURITY_CONTEXT=SecurityContextImpl [Authentication=UsernamePasswordAuthenticationToken [Principal=org.springframework.security.core.userdetails.User [Username=j.dewar, Password=[PROTECTED], Enabled=true, AccountNonExpired=true, CredentialsNonExpired=true, AccountNonLocked=true, Granted Authorities=[ROLE_MANAGER]], Credentials=[PROTECTED], Authenticated=true, Details=null, Granted Authorities=[ROLE_MANAGER]]]}

Handler:
             Type = chernyshov.ignat.manager.controller.ProductsController
           Method = chernyshov.ignat.manager.controller.ProductsController#getProductsList(Model, String)

Async:
    Async started = false
     Async result = null

Resolved Exception:
             Type = null

ModelAndView:
        View name = catalogue/products/list
             View = null
        Attribute = products
            value = [Product[id=1, title=Товар №1, details=Описание товара №1], Product[id=2, title=Товар №2, details=Описание товара №2]]
        Attribute = filter
            value = товар

FlashMap:
       Attributes = null

MockHttpServletResponse:
           Status = 200
    Error message = null
          Headers = [Content-Language:"en", Content-Type:"text/html;charset=UTF-8", X-Content-Type-Options:"nosniff", X-XSS-Protection:"0", Cache-Control:"no-cache, no-store, max-age=0, must-revalidate", Pragma:"no-cache", Expires:"0", X-Frame-Options:"DENY"]
     Content type = text/html;charset=UTF-8
             Body = <!DOCTYPE html>
<html lang="en">
<head>
    <meta charset="UTF-8">
    <title>Список товаров &ndash; Сельмаг</title>
</head>
<body>
<a href="/catalogue/products/create">+ Создать товар</a>
<h1>Список товаров</h1>
<form method="get" action="/catalogue/products/list">
    <label>Фильтр:<input type="text" name="filter" value="товар">
        <button type="submit">Поиск</button>
    </label>
</form>
<table>
    <thead>
    <tr>
        <th>#</th>
        <th>Товар</th>
    </tr>
    </thead>
    <tbody>
    <tr>
        <td>1</td>
        <td>
            <a href="/catalogue/products/1">Товар №1</a>
        </td>
    </tr>
    <tr>
        <td>2</td>
        <td>
            <a href="/catalogue/products/2">Товар №2</a>
        </td>
    </tr>
    </tbody>
</table>
</body>
</html>
    Forwarded URL = null
   Redirected URL = null
          Cookies = []
]]></system-out>
  </testcase>
  <testcase name="createProduct_RequestIsInvalid_ReturnsNewProductPage" classname="chernyshov.ignat.manager.controller.ProductsControllerIT" time="0.02">
    <system-out><![CDATA[
MockHttpServletRequest:
      HTTP Method = POST
      Request URI = /catalogue/products/create
       Parameters = {title=[   ], _csrf=[DQs3dBjYHJNeHqLs_EwNWyY99euUaRMuPVNLitAEa1GSq3eLaToOECu6LaRzf8bcmGE5OBMP2NOlCyYDDDB4vbY0XTeik0-9]}
          Headers = []
             Body = null
    Session Attrs = {SPRING_SECURITY_CONTEXT=SecurityContextImpl [Authentication=UsernamePasswordAuthenticationToken [Principal=org.springframework.security.core.userdetails.User [Username=j.dewar, Password=[PROTECTED], Enabled=true, AccountNonExpired=true, CredentialsNonExpired=true, AccountNonLocked=true, Granted Authorities=[ROLE_MANAGER]], Credentials=[PROTECTED], Authenticated=true, Details=null, Granted Authorities=[ROLE_MANAGER]]]}

Handler:
             Type = chernyshov.ignat.manager.controller.ProductsController
           Method = chernyshov.ignat.manager.controller.ProductsController#createProduct(NewProductPayload, Model, HttpServletResponse)

Async:
    Async started = false
     Async result = null

Resolved Exception:
             Type = null

ModelAndView:
        View name = catalogue/products/new_product
             View = null
        Attribute = newProductPayload
            value = NewProductPayload[title=   , details=null]
           errors = []
        Attribute = payload
            value = NewProductPayload[title=   , details=null]
           errors = []
        Attribute = errors
            value = [Ошибка 1, Ошибка 2]

FlashMap:
       Attributes = null

MockHttpServletResponse:
           Status = 400
    Error message = null
          Headers = [Content-Language:"en", Content-Type:"text/html;charset=UTF-8", X-Content-Type-Options:"nosniff", X-XSS-Protection:"0", Cache-Control:"no-cache, no-store, max-age=0, must-revalidate", Pragma:"no-cache", Expires:"0", X-Frame-Options:"DENY"]
     Content type = text/html;charset=UTF-8
             Body = <!DOCTYPE html>
<html lang="en">
<head>
    <meta charset="UTF-8">
    <title>Новый товар &ndash; Сельмаг</title>
</head>
<body>
<a href="/catalogue/products/list">&larr; К списку товаров</a>
<h1>Новый товар</h1>
<div>
    <h2>Допущены ошибки</h2>
    <ul>
        <li>Ошибка 1</li>
        <li>Ошибка 2</li>
    </ul>
</div>
<form method="post" action="/catalogue/products/create"><input type="hidden" name="_csrf" value="QCEMHl2j-nY2BN7jRFNW6N9WaCbfb-j1TFFj_eY6Jy6JcP1cJBA1em7By0EbZbrTIH5ii-pkRR7uDd3YfTJQyoAKEUi5SMVq"/>
    <label>
        Название:<br>
        <input type="text" name="title" value="   ">
    </label><br>
    <label>
        Описание:<br>
        <textarea name="details"></textarea>
    </label><br>
    <button type="submit">Создать</button>
</form>
</body>
</html>
    Forwarded URL = null
   Redirected URL = null
          Cookies = []
]]></system-out>
  </testcase>
  <testcase name="createProduct_RequestIsValid_RedirectsToProductPage" classname="chernyshov.ignat.manager.controller.ProductsControllerIT" time="0.017">
    <system-out><![CDATA[
MockHttpServletRequest:
      HTTP Method = POST
      Request URI = /catalogue/products/create
       Parameters = {title=[Новый товар], details=[Описание нового товара], _csrf=[ET6kpI1n8v9b3JMGhUMNsz2QlLAFDvJa-roNfPlr6lCGqsswcgrFl-tSw852uKNltG450V6hudIwO8d3nt87T81b2DPkm_0G]}
          Headers = []
             Body = null
    Session Attrs = {SPRING_SECURITY_CONTEXT=SecurityContextImpl [Authentication=UsernamePasswordAuthenticationToken [Principal=org.springframework.security.core.userdetails.User [Username=j.dewar, Password=[PROTECTED], Enabled=true, AccountNonExpired=true, CredentialsNonExpired=true, AccountNonLocked=true, Granted Authorities=[ROLE_MANAGER]], Credentials=[PROTECTED], Authenticated=true, Details=null, Granted Authorities=[ROLE_MANAGER]]]}

Handler:
             Type = chernyshov.ignat.manager.controller.ProductsController
           Method = chernyshov.ignat.manager.controller.ProductsController#createProduct(NewProductPayload, Model, HttpServletResponse)

Async:
    Async started = false
     Async result = null

Resolved Exception:
             Type = null

ModelAndView:
        View name = redirect:/catalogue/products/1
             View = null
            Model = null

FlashMap:
       Attributes = null

MockHttpServletResponse:
           Status = 302
    Error message = null
          Headers = [Content-Language:"en", X-Content-Type-Options:"nosniff", X-XSS-Protection:"0", Cache-Control:"no-cache, no-store, max-age=0, must-revalidate", Pragma:"no-cache", Expires:"0", X-Frame-Options:"DENY", Location:"/catalogue/products/1"]
     Content type = null
             Body = 
    Forwarded URL = null
   Redirected URL = /catalogue/products/1
          Cookies = []
]]></system-out>
  </testcase>
  <testcase name="getNewProductPage_ReturnsProductPage" classname="chernyshov.ignat.manager.controller.ProductsControllerIT" time="0.008">
    <system-out><![CDATA[
MockHttpServletRequest:
      HTTP Method = GET
      Request URI = /catalogue/products/create
       Parameters = {}
          Headers = []
             Body = null
    Session Attrs = {org.springframework.security.web.csrf.HttpSessionCsrfTokenRepository.CSRF_TOKEN=org.springframework.security.web.csrf.DefaultCsrfToken@33224703, SPRING_SECURITY_CONTEXT=SecurityContextImpl [Authentication=UsernamePasswordAuthenticationToken [Principal=org.springframework.security.core.userdetails.User [Username=j.dewar, Password=[PROTECTED], Enabled=true, AccountNonExpired=true, CredentialsNonExpired=true, AccountNonLocked=true, Granted Authorities=[ROLE_MANAGER]], Credentials=[PROTECTED], Authenticated=true, Details=null, Granted Authorities=[ROLE_MANAGER]]]}

Handler:
             Type = chernyshov.ignat.manager.controller.ProductsController
           Method = chernyshov.ignat.manager.controller.ProductsController#getNewProductPage()

Async:
    Async started = false
     Async result = null

Resolved Exception:
             Type = null

ModelAndView:
        View name = catalogue/products/new_product
             View = null
            Model = null

FlashMap:
       Attributes = null

MockHttpServletResponse:
           Status = 200
    Error message = null
          Headers = [Content-Language:"en", Content-Type:"text/html;charset=UTF-8", X-Content-Type-Options:"nosniff", X-XSS-Protection:"0", Cache-Control:"no-cache, no-store, max-age=0, must-revalidate", Pragma:"no-cache", Expires:"0", X-Frame-Options:"DENY"]
     Content type = text/html;charset=UTF-8
             Body = <!DOCTYPE html>
<html lang="en">
<head>
    <meta charset="UTF-8">
    <title>Новый товар &ndash; Сельмаг</title>
</head>
<body>
<a href="/catalogue/products/list">&larr; К списку товаров</a>
<h1>Новый товар</h1>

<form method="post" action="/catalogue/products/create"><input type="hidden" name="_csrf" value="IdTWcc3qa0ZYyJRbJKw4PRJ4MysmjUENQeMV8ZkaTzEofIUUF-W1EP7eXnV1-aU_HIEMXidAHhIevSAgINcsyKkpelNLSbMg"/>
    <label>
        Название:<br>
        <input type="text" name="title" value="">
    </label><br>
    <label>
        Описание:<br>
        <textarea name="details"></textarea>
    </label><br>
    <button type="submit">Создать</button>
</form>
</body>
</html>
    Forwarded URL = null
   Redirected URL = null
          Cookies = []
]]></system-out>
  </testcase>
  <testcase name="getNewProductPage_UserIsNotAuthorized_ReturnsForbidden" classname="chernyshov.ignat.manager.controller.ProductsControllerIT" time="0.006">
    <system-out><![CDATA[
MockHttpServletRequest:
      HTTP Method = GET
      Request URI = /catalogue/products/create
       Parameters = {}
          Headers = []
             Body = null
    Session Attrs = {SPRING_SECURITY_CONTEXT=SecurityContextImpl [Authentication=UsernamePasswordAuthenticationToken [Principal=org.springframework.security.core.userdetails.User [Username=j.daniels, Password=[PROTECTED], Enabled=true, AccountNonExpired=true, CredentialsNonExpired=true, AccountNonLocked=true, Granted Authorities=[ROLE_USER]], Credentials=[PROTECTED], Authenticated=true, Details=null, Granted Authorities=[ROLE_USER]]]}

Handler:
             Type = null

Async:
    Async started = false
     Async result = null

Resolved Exception:
             Type = null

ModelAndView:
        View name = null
             View = null
            Model = null

FlashMap:
       Attributes = null

MockHttpServletResponse:
           Status = 403
    Error message = Forbidden
          Headers = [X-Content-Type-Options:"nosniff", X-XSS-Protection:"0", Cache-Control:"no-cache, no-store, max-age=0, must-revalidate", Pragma:"no-cache", Expires:"0", X-Frame-Options:"DENY"]
     Content type = null
             Body = 
    Forwarded URL = null
   Redirected URL = null
          Cookies = []
]]></system-out>
  </testcase>
  <testcase name="createProduct_UserIsNotAuthorized_ReturnsForbidden" classname="chernyshov.ignat.manager.controller.ProductsControllerIT" time="0.007">
    <system-out><![CDATA[
MockHttpServletRequest:
      HTTP Method = POST
      Request URI = /catalogue/products/create
       Parameters = {title=[Новый товар], details=[Описание нового товара], _csrf=[0FK6DFhL6zOUFElifiSwzmIynpBr5CUYdARVRwHoCnuxp4TusWfcPWsp2QG5dipXSwmE91MFs_FdgUY1FTxidzbYPE7SnufZ]}
          Headers = []
             Body = null
    Session Attrs = {SPRING_SECURITY_CONTEXT=SecurityContextImpl [Authentication=UsernamePasswordAuthenticationToken [Principal=org.springframework.security.core.userdetails.User [Username=j.daniels, Password=[PROTECTED], Enabled=true, AccountNonExpired=true, CredentialsNonExpired=true, AccountNonLocked=true, Granted Authorities=[ROLE_USER]], Credentials=[PROTECTED], Authenticated=true, Details=null, Granted Authorities=[ROLE_USER]]]}

Handler:
             Type = null

Async:
    Async started = false
     Async result = null

Resolved Exception:
             Type = null

ModelAndView:
        View name = null
             View = null
            Model = null

FlashMap:
       Attributes = null

MockHttpServletResponse:
           Status = 403
    Error message = Forbidden
          Headers = [X-Content-Type-Options:"nosniff", X-XSS-Protection:"0", Cache-Control:"no-cache, no-store, max-age=0, must-revalidate", Pragma:"no-cache", Expires:"0", X-Frame-Options:"DENY"]
     Content type = null
             Body = 
    Forwarded URL = null
   Redirected URL = null
          Cookies = []
]]></system-out>
  </testcase>
  <testcase name="getProductList_UserIsNotAuthorized_ReturnsForbidden" classname="chernyshov.ignat.manager.controller.ProductsControllerIT" time="0.005">
    <system-out><![CDATA[
MockHttpServletRequest:
      HTTP Method = GET
      Request URI = /catalogue/products/list
       Parameters = {filter=[товар]}
          Headers = []
             Body = null
    Session Attrs = {SPRING_SECURITY_CONTEXT=SecurityContextImpl [Authentication=UsernamePasswordAuthenticationToken [Principal=org.springframework.security.core.userdetails.User [Username=j.daniels, Password=[PROTECTED], Enabled=true, AccountNonExpired=true, CredentialsNonExpired=true, AccountNonLocked=true, Granted Authorities=[ROLE_USER]], Credentials=[PROTECTED], Authenticated=true, Details=null, Granted Authorities=[ROLE_USER]]]}

Handler:
             Type = null

Async:
    Async started = false
     Async result = null

Resolved Exception:
             Type = null

ModelAndView:
        View name = null
             View = null
            Model = null

FlashMap:
       Attributes = null

MockHttpServletResponse:
           Status = 403
    Error message = Forbidden
          Headers = [X-Content-Type-Options:"nosniff", X-XSS-Protection:"0", Cache-Control:"no-cache, no-store, max-age=0, must-revalidate", Pragma:"no-cache", Expires:"0", X-Frame-Options:"DENY"]
     Content type = null
             Body = 
    Forwarded URL = null
   Redirected URL = null
          Cookies = []
]]></system-out>
  </testcase>
</testsuite>