<?xml version="1.0" encoding="UTF-8"?>
<testsuite xmlns:xsi="http://www.w3.org/2001/XMLSchema-instance" xsi:noNamespaceSchemaLocation="https://maven.apache.org/surefire/maven-surefire-plugin/xsd/surefire-test-report-3.0.xsd" version="3.0" name="chernyshov.ignat.feedback.service.DefaultFavouriteProductsServiceTest" time="0.069" tests="4" errors="0" skipped="0" failures="0">
  <properties>
[...]
</properties>
  <testcase name="removeProductFromFavourites_ReturnsEmptyMono" classname="chernyshov.ignat.feedback.service.DefaultFavouriteProductsServiceTest" time="0.054"/>
  <testcase name="addProductToFavourites_ReturnsCreatedFavouriteProduct" classname="chernyshov.ignat.feedback.service.DefaultFavouriteProductsServiceTest" time="0.006"/>
  <testcase name="findFavouriteProductByProduct_ReturnsFavouriteProduct" classname="chernyshov.ignat.feedback.service.DefaultFavouriteProductsServiceTest" time="0.003"/>
  <testcase name="findFavouriteProducts_ReturnsFavouriteProducts" classname="chernyshov.ignat.feedback.service.DefaultFavouriteProductsServiceTest" time="0.002"/>
</testsuite>